<?xml version="1.0" encoding="UTF-8"?>
<!-- Generated by org.testng.reporters.JUnitReportReporter -->
<testsuite hostname="Arambepola-PC" name="cse.maven.sample.BmiCalculatorTest" tests="4" failures="0" timestamp="11 Sep 2013 20:22:09 GMT" time="0.008" errors="0">
  <testcase name="testCalculate1" time="0.000" classname="cse.maven.sample.BmiCalculatorTest"/>
  <testcase name="testCalculate2" time="0.001" classname="cse.maven.sample.BmiCalculatorTest"/>
  <testcase name="createBmiTest2" time="0.001" classname="cse.maven.sample.BmiCalculatorTest"/>
  <testcase name="createBmiTest1" time="0.006" classname="cse.maven.sample.BmiCalculatorTest"/>
</testsuite> <!-- cse.maven.sample.BmiCalculatorTest -->
